<?xml version="1.0" encoding="UTF-8"?>
<testng-results ignored="1" total="2" passed="1" failed="0" skipped="0">
  <reporter-output>
  </reporter-output>
  <suite started-at="2023-10-18T22:50:23 IST" name="Default suite" finished-at="2023-10-18T22:51:31 IST" duration-ms="67773">
    <groups>
    </groups>
    <test started-at="2023-10-18T22:50:23 IST" name="Default test" finished-at="2023-10-18T22:51:31 IST" duration-ms="67773">
      <class name="com.testclasses.LoginTest">
        <test-method is-config="true" signature="setup()[pri:0, instance:com.testclasses.LoginTest@54bff557]" started-at="2023-10-18T22:50:23 IST" name="setup" finished-at="2023-10-18T22:51:13 IST" duration-ms="50336" status="PASS">
          <reporter-output>
          </reporter-output>
        </test-method> <!-- setup -->
        <test-method signature="testUser()[pri:0, instance:com.testclasses.LoginTest@54bff557]" started-at="2023-10-18T22:51:13 IST" name="testUser" finished-at="2023-10-18T22:51:30 IST" duration-ms="16817" status="PASS">
          <reporter-output>
          </reporter-output>
        </test-method> <!-- testUser -->
        <test-method is-config="true" signature="tearDown()[pri:0, instance:com.testclasses.LoginTest@54bff557]" started-at="2023-10-18T22:51:30 IST" name="tearDown" finished-at="2023-10-18T22:51:31 IST" duration-ms="536" status="PASS">
          <reporter-output>
          </reporter-output>
        </test-method> <!-- tearDown -->
      </class> <!-- com.testclasses.LoginTest -->
    </test> <!-- Default test -->
  </suite> <!-- Default suite -->
</testng-results>
