<?xml version="1.0" encoding="UTF-8"?>
<testng-results ignored="0" total="1" passed="1" failed="0" skipped="0">
  <reporter-output>
  </reporter-output>
  <suite started-at="2023-10-23T16:59:46 IST" name="Default suite" finished-at="2023-10-23T17:00:08 IST" duration-ms="21098">
    <groups>
    </groups>
    <test started-at="2023-10-23T16:59:46 IST" name="Default test" finished-at="2023-10-23T17:00:08 IST" duration-ms="21098">
      <class name="com.testclasses.AdminTest">
        <test-method is-config="true" signature="setup()[pri:0, instance:com.testclasses.AdminTest@4310d43]" started-at="2023-10-23T16:59:46 IST" name="setup" finished-at="2023-10-23T16:59:58 IST" duration-ms="11377" status="PASS">
          <reporter-output>
          </reporter-output>
        </test-method> <!-- setup -->
        <test-method signature="adminTest()[pri:0, instance:com.testclasses.AdminTest@4310d43]" started-at="2023-10-23T16:59:58 IST" name="adminTest" finished-at="2023-10-23T17:00:07 IST" duration-ms="9277" status="PASS">
          <reporter-output>
          </reporter-output>
        </test-method> <!-- adminTest -->
        <test-method is-config="true" signature="tearDown()[pri:0, instance:com.testclasses.AdminTest@4310d43]" started-at="2023-10-23T17:00:07 IST" name="tearDown" finished-at="2023-10-23T17:00:08 IST" duration-ms="370" status="PASS">
          <reporter-output>
          </reporter-output>
        </test-method> <!-- tearDown -->
      </class> <!-- com.testclasses.AdminTest -->
    </test> <!-- Default test -->
  </suite> <!-- Default suite -->
</testng-results>
