<?xml version="1.0" encoding="UTF-8"?>
<testng-results ignored="0" total="1" passed="1" failed="0" skipped="0">
  <reporter-output>
  </reporter-output>
  <suite started-at="2023-10-18T07:48:59 IST" name="Default suite" finished-at="2023-10-18T07:49:17 IST" duration-ms="18440">
    <groups>
    </groups>
    <test started-at="2023-10-18T07:48:59 IST" name="Default test" finished-at="2023-10-18T07:49:17 IST" duration-ms="18440">
      <class name="com.testclasses.LoginTest">
        <test-method is-config="true" signature="setup()[pri:0, instance:com.testclasses.LoginTest@306e95ec]" started-at="2023-10-18T07:48:59 IST" name="setup" finished-at="2023-10-18T07:49:14 IST" duration-ms="15158" status="PASS">
          <reporter-output>
          </reporter-output>
        </test-method> <!-- setup -->
        <test-method signature="loginTest()[pri:0, instance:com.testclasses.LoginTest@306e95ec]" started-at="2023-10-18T07:49:14 IST" name="loginTest" finished-at="2023-10-18T07:49:16 IST" duration-ms="2654" status="PASS">
          <reporter-output>
          </reporter-output>
        </test-method> <!-- loginTest -->
        <test-method is-config="true" signature="tearDown()[pri:0, instance:com.testclasses.LoginTest@306e95ec]" started-at="2023-10-18T07:49:17 IST" name="tearDown" finished-at="2023-10-18T07:49:17 IST" duration-ms="499" status="PASS">
          <reporter-output>
          </reporter-output>
        </test-method> <!-- tearDown -->
      </class> <!-- com.testclasses.LoginTest -->
    </test> <!-- Default test -->
  </suite> <!-- Default suite -->
</testng-results>
